0 info it worked if it ends with ok
1 verbose cli [ 'C:\\Program Files\\nodejs\\node.exe',
1 verbose cli   'C:\\Program Files\\nodejs\\node_modules\\npm\\bin\\npm-cli.js',
1 verbose cli   'install' ]
2 info using npm@3.10.8
3 info using node@v7.0.0
4 silly loadCurrentTree Starting
5 silly install loadCurrentTree
6 silly install readLocalPackageData
7 silly install normalizeTree
8 silly loadCurrentTree Finishing
9 silly loadIdealTree Starting
10 silly install loadIdealTree
11 silly cloneCurrentTree Starting
12 silly install cloneCurrentTreeToIdealTree
13 silly cloneCurrentTree Finishing
14 silly loadShrinkwrap Starting
15 silly install loadShrinkwrap
16 silly loadShrinkwrap Finishing
17 silly loadAllDepsIntoIdealTree Starting
18 silly install loadAllDepsIntoIdealTree
19 silly loadAllDepsIntoIdealTree Finishing
20 silly loadIdealTree Finishing
21 silly currentTree development-tool@0.8.7
21 silly currentTree +-- @types/chai@3.4.34
21 silly currentTree +-- @types/chalk@0.4.31
21 silly currentTree +-- @types/gulp-mocha@0.0.29
21 silly currentTree +-- @types/gulp@3.8.32
21 silly currentTree +-- @types/lodash@4.14.38
21 silly currentTree +-- @types/minimist@1.1.29
21 silly currentTree +-- @types/mocha@2.2.32
21 silly currentTree +-- @types/node@6.0.46
21 silly currentTree +-- @types/orchestrator@0.0.30
21 silly currentTree +-- @types/q@0.0.32
21 silly currentTree +-- @types/vinyl@1.2.30
21 silly currentTree +-- acorn@4.0.3
21 silly currentTree +-- align-text@0.1.4
21 silly currentTree +-- amdefine@1.0.1
21 silly currentTree +-- ansi-regex@2.0.0
21 silly currentTree +-- ansi-styles@2.2.1
21 silly currentTree +-- any-promise@1.3.0
21 silly currentTree +-- archy@1.0.0
21 silly currentTree +-- arr-diff@2.0.0
21 silly currentTree +-- arr-flatten@1.0.1
21 silly currentTree +-- array-differ@1.0.0
21 silly currentTree +-- array-find-index@1.0.2
21 silly currentTree +-- array-union@1.0.2
21 silly currentTree +-- array-uniq@1.0.3
21 silly currentTree +-- array-unique@0.2.1
21 silly currentTree +-- arrify@1.0.1
21 silly currentTree +-- assertion-error@1.0.2
21 silly currentTree +-- async@0.2.10
21 silly currentTree +-- atob@1.1.3
21 silly currentTree +-- babel-code-frame@6.16.0
21 silly currentTree +-- babel-core@6.18.2
21 silly currentTree | `-- minimatch@3.0.3
21 silly currentTree +-- babel-generator@6.18.0
21 silly currentTree | `-- jsesc@1.3.0
21 silly currentTree +-- babel-helper-call-delegate@6.18.0
21 silly currentTree +-- babel-helper-define-map@6.18.0
21 silly currentTree +-- babel-helper-function-name@6.18.0
21 silly currentTree +-- babel-helper-get-function-arity@6.18.0
21 silly currentTree +-- babel-helper-hoist-variables@6.18.0
21 silly currentTree +-- babel-helper-optimise-call-expression@6.18.0
21 silly currentTree +-- babel-helper-regex@6.18.0
21 silly currentTree +-- babel-helper-replace-supers@6.18.0
21 silly currentTree +-- babel-helpers@6.16.0
21 silly currentTree +-- babel-messages@6.8.0
21 silly currentTree +-- babel-plugin-check-es2015-constants@6.8.0
21 silly currentTree +-- babel-plugin-transform-es2015-arrow-functions@6.8.0
21 silly currentTree +-- babel-plugin-transform-es2015-block-scoped-functions@6.8.0
21 silly currentTree +-- babel-plugin-transform-es2015-block-scoping@6.18.0
21 silly currentTree +-- babel-plugin-transform-es2015-classes@6.18.0
21 silly currentTree +-- babel-plugin-transform-es2015-computed-properties@6.8.0
21 silly currentTree +-- babel-plugin-transform-es2015-destructuring@6.18.0
21 silly currentTree +-- babel-plugin-transform-es2015-duplicate-keys@6.8.0
21 silly currentTree +-- babel-plugin-transform-es2015-for-of@6.18.0
21 silly currentTree +-- babel-plugin-transform-es2015-function-name@6.9.0
21 silly currentTree +-- babel-plugin-transform-es2015-literals@6.8.0
21 silly currentTree +-- babel-plugin-transform-es2015-modules-amd@6.18.0
21 silly currentTree +-- babel-plugin-transform-es2015-modules-commonjs@6.18.0
21 silly currentTree +-- babel-plugin-transform-es2015-modules-systemjs@6.18.0
21 silly currentTree +-- babel-plugin-transform-es2015-modules-umd@6.18.0
21 silly currentTree +-- babel-plugin-transform-es2015-object-super@6.8.0
21 silly currentTree +-- babel-plugin-transform-es2015-parameters@6.18.0
21 silly currentTree +-- babel-plugin-transform-es2015-shorthand-properties@6.18.0
21 silly currentTree +-- babel-plugin-transform-es2015-spread@6.8.0
21 silly currentTree +-- babel-plugin-transform-es2015-sticky-regex@6.8.0
21 silly currentTree +-- babel-plugin-transform-es2015-template-literals@6.8.0
21 silly currentTree +-- babel-plugin-transform-es2015-typeof-symbol@6.18.0
21 silly currentTree +-- babel-plugin-transform-es2015-unicode-regex@6.11.0
21 silly currentTree +-- babel-plugin-transform-regenerator@6.16.1
21 silly currentTree +-- babel-plugin-transform-strict-mode@6.18.0
21 silly currentTree +-- babel-preset-es2015@6.18.0
21 silly currentTree +-- babel-register@6.18.0
21 silly currentTree +-- babel-runtime@6.18.0
21 silly currentTree +-- babel-template@6.16.0
21 silly currentTree +-- babel-traverse@6.18.0
21 silly currentTree +-- babel-types@6.18.0
21 silly currentTree +-- babylon@6.13.1
21 silly currentTree +-- balanced-match@0.4.2
21 silly currentTree +-- beeper@1.1.1
21 silly currentTree +-- bluebird@3.4.6
21 silly currentTree +-- brace-expansion@1.1.6
21 silly currentTree +-- braces@1.8.5
21 silly currentTree +-- browser-stdout@1.3.0
21 silly currentTree +-- buffer-shims@1.0.0
21 silly currentTree +-- builtin-modules@1.1.1
21 silly currentTree +-- camelcase-keys@2.1.0
21 silly currentTree +-- camelcase@2.1.1
21 silly currentTree +-- center-align@0.1.3
21 silly currentTree +-- chai@3.5.0
21 silly currentTree +-- chalk@1.1.3
21 silly currentTree +-- checksum@0.1.1
21 silly currentTree +-- cliui@2.1.0
21 silly currentTree | `-- wordwrap@0.0.2
21 silly currentTree +-- clone-stats@0.0.1
21 silly currentTree +-- clone@1.0.2
21 silly currentTree +-- colors@1.1.2
21 silly currentTree +-- commander@2.9.0
21 silly currentTree +-- concat-map@0.0.1
21 silly currentTree +-- convert-source-map@1.3.0
21 silly currentTree +-- core-js@2.4.1
21 silly currentTree +-- core-util-is@1.0.2
21 silly currentTree +-- css@2.2.1
21 silly currentTree | `-- source-map@0.1.43
21 silly currentTree +-- currently-unhandled@0.4.1
21 silly currentTree +-- dateformat@1.0.12
21 silly currentTree +-- debug-fabulous@0.0.4
21 silly currentTree | `-- object-assign@4.1.0
21 silly currentTree +-- debug@2.3.2
21 silly currentTree +-- decamelize@1.2.0
21 silly currentTree +-- deep-eql@0.1.3
21 silly currentTree | `-- type-detect@0.1.1
21 silly currentTree +-- defaults@1.0.3
21 silly currentTree +-- del@2.2.2
21 silly currentTree | `-- object-assign@4.1.0
21 silly currentTree +-- deprecated@0.0.1
21 silly currentTree +-- detect-file@0.1.0
21 silly currentTree +-- detect-indent@4.0.0
21 silly currentTree +-- detect-newline@2.1.0
21 silly currentTree +-- development-assert-ts@0.3.2
21 silly currentTree +-- development-core@0.8.6
21 silly currentTree +-- diff@1.4.0
21 silly currentTree +-- duplexer2@0.0.2
21 silly currentTree +-- duplexify@3.5.0
21 silly currentTree | +-- end-of-stream@1.0.0
21 silly currentTree | +-- isarray@1.0.0
21 silly currentTree | `-- readable-stream@2.2.1
21 silly currentTree +-- end-of-stream@0.1.5
21 silly currentTree +-- error-ex@1.3.0
21 silly currentTree +-- escape-string-regexp@1.0.5
21 silly currentTree +-- esutils@2.0.2
21 silly currentTree +-- expand-brackets@0.1.5
21 silly currentTree +-- expand-range@1.8.2
21 silly currentTree +-- expand-tilde@1.2.2
21 silly currentTree +-- extend-shallow@2.0.1
21 silly currentTree +-- extend@3.0.0
21 silly currentTree +-- extglob@0.3.2
21 silly currentTree +-- fancy-log@1.2.0
21 silly currentTree +-- filename-regex@2.0.0
21 silly currentTree +-- fill-range@2.2.3
21 silly currentTree +-- find-index@0.1.1
21 silly currentTree +-- find-up@1.1.2
21 silly currentTree +-- findup-sync@0.4.3
21 silly currentTree +-- fined@1.0.2
21 silly currentTree +-- first-chunk-stream@1.0.0
21 silly currentTree +-- flagged-respawn@0.3.2
21 silly currentTree +-- for-in@0.1.6
21 silly currentTree +-- for-own@0.1.4
21 silly currentTree +-- fs-exists-sync@0.1.0
21 silly currentTree +-- fs.realpath@1.0.0
21 silly currentTree +-- gaze@0.5.2
21 silly currentTree +-- get-stdin@4.0.1
21 silly currentTree +-- glob-base@0.3.0
21 silly currentTree +-- glob-parent@2.0.0
21 silly currentTree +-- glob-stream@3.1.18
21 silly currentTree | +-- readable-stream@1.0.34
21 silly currentTree | `-- through2@0.6.5
21 silly currentTree +-- glob-watcher@0.0.6
21 silly currentTree +-- glob@4.5.3
21 silly currentTree +-- glob2base@0.0.12
21 silly currentTree +-- global-modules@0.2.3
21 silly currentTree +-- global-prefix@0.1.4
21 silly currentTree +-- globals@9.13.0
21 silly currentTree +-- globby@5.0.0
21 silly currentTree | +-- glob@7.1.1
21 silly currentTree | +-- minimatch@3.0.3
21 silly currentTree | `-- object-assign@4.1.0
21 silly currentTree +-- globule@0.1.0
21 silly currentTree | +-- glob@3.1.21
21 silly currentTree | +-- graceful-fs@1.2.3
21 silly currentTree | +-- inherits@1.0.2
21 silly currentTree | +-- lodash@1.0.2
21 silly currentTree | `-- minimatch@0.2.14
21 silly currentTree +-- glogg@1.0.0
21 silly currentTree +-- graceful-fs@4.1.10
21 silly currentTree +-- graceful-readlink@1.0.1
21 silly currentTree +-- growl@1.9.2
21 silly currentTree +-- gulp-babel@6.1.2
21 silly currentTree | `-- object-assign@4.1.0
21 silly currentTree +-- gulp-cached@1.1.1
21 silly currentTree +-- gulp-mocha@3.0.1
21 silly currentTree +-- gulp-sourcemaps@2.2.0
21 silly currentTree | +-- strip-bom@3.0.0
21 silly currentTree | `-- vinyl@1.2.0
21 silly currentTree +-- gulp-typescript@3.1.3
21 silly currentTree | +-- glob-parent@3.0.1
21 silly currentTree | +-- glob-stream@5.3.5
21 silly currentTree | | +-- isarray@0.0.1
21 silly currentTree | | +-- readable-stream@1.0.34
21 silly currentTree | | `-- through2@0.6.5
21 silly currentTree | +-- glob@5.0.15
21 silly currentTree | +-- gulp-sourcemaps@1.6.0
21 silly currentTree | +-- is-extglob@2.1.0
21 silly currentTree | +-- is-glob@3.1.0
21 silly currentTree | +-- isarray@1.0.0
21 silly currentTree | +-- object-assign@4.1.0
21 silly currentTree | +-- ordered-read-streams@0.3.0
21 silly currentTree | +-- readable-stream@2.2.1
21 silly currentTree | +-- unique-stream@2.2.1
21 silly currentTree | +-- vinyl-fs@2.4.4
21 silly currentTree | `-- vinyl@1.2.0
21 silly currentTree +-- gulp-uglify@2.0.0
21 silly currentTree +-- gulp-util@3.0.7
21 silly currentTree +-- gulp@3.9.1
21 silly currentTree +-- gulplog@1.0.0
21 silly currentTree +-- has-ansi@2.0.0
21 silly currentTree +-- has-flag@1.0.0
21 silly currentTree +-- has-gulplog@0.1.0
21 silly currentTree +-- home-or-tmp@2.0.0
21 silly currentTree +-- hosted-git-info@2.1.5
21 silly currentTree +-- indent-string@2.1.0
21 silly currentTree +-- inflight@1.0.6
21 silly currentTree +-- inherits@2.0.3
21 silly currentTree +-- ini@1.3.4
21 silly currentTree +-- interpret@1.0.1
21 silly currentTree +-- invariant@2.2.1
21 silly currentTree +-- irregular-plurals@1.2.0
21 silly currentTree +-- is-absolute@0.2.6
21 silly currentTree +-- is-arrayish@0.2.1
21 silly currentTree +-- is-buffer@1.1.4
21 silly currentTree +-- is-builtin-module@1.0.0
21 silly currentTree +-- is-dotfile@1.0.2
21 silly currentTree +-- is-equal-shallow@0.1.3
21 silly currentTree +-- is-extendable@0.1.1
21 silly currentTree +-- is-extglob@1.0.0
21 silly currentTree +-- is-finite@1.0.2
21 silly currentTree +-- is-glob@2.0.1
21 silly currentTree +-- is-number@2.1.0
21 silly currentTree +-- is-path-cwd@1.0.0
21 silly currentTree +-- is-path-in-cwd@1.0.0
21 silly currentTree +-- is-path-inside@1.0.0
21 silly currentTree +-- is-posix-bracket@0.1.1
21 silly currentTree +-- is-primitive@2.0.0
21 silly currentTree +-- is-relative@0.2.1
21 silly currentTree +-- is-stream@1.1.0
21 silly currentTree +-- is-unc-path@0.1.1
21 silly currentTree +-- is-utf8@0.2.1
21 silly currentTree +-- is-valid-glob@0.3.0
21 silly currentTree +-- is-windows@0.2.0
21 silly currentTree +-- isarray@0.0.1
21 silly currentTree +-- isexe@1.1.2
21 silly currentTree +-- isobject@2.1.0
21 silly currentTree | `-- isarray@1.0.0
21 silly currentTree +-- js-tokens@2.0.0
21 silly currentTree +-- jsesc@0.5.0
21 silly currentTree +-- json-stable-stringify@1.0.1
21 silly currentTree +-- json3@3.3.2
21 silly currentTree +-- json5@0.5.0
21 silly currentTree +-- jsonify@0.0.0
21 silly currentTree +-- kind-of@3.0.4
21 silly currentTree +-- lazy-cache@1.0.4
21 silly currentTree +-- lazy-debug-legacy@0.0.1
21 silly currentTree +-- lazystream@1.0.0
21 silly currentTree | +-- isarray@1.0.0
21 silly currentTree | `-- readable-stream@2.2.1
21 silly currentTree +-- liftoff@2.3.0
21 silly currentTree +-- load-json-file@1.1.0
21 silly currentTree +-- lodash._baseassign@3.2.0
21 silly currentTree +-- lodash._basecopy@3.0.1
21 silly currentTree +-- lodash._basecreate@3.0.3
21 silly currentTree +-- lodash._basetostring@3.0.1
21 silly currentTree +-- lodash._basevalues@3.0.0
21 silly currentTree +-- lodash._getnative@3.9.1
21 silly currentTree +-- lodash._isiterateecall@3.0.9
21 silly currentTree +-- lodash._reescape@3.0.0
21 silly currentTree +-- lodash._reevaluate@3.0.0
21 silly currentTree +-- lodash._reinterpolate@3.0.0
21 silly currentTree +-- lodash._root@3.0.1
21 silly currentTree +-- lodash.assignwith@4.2.0
21 silly currentTree +-- lodash.create@3.1.1
21 silly currentTree +-- lodash.defaults@4.2.0
21 silly currentTree +-- lodash.escape@3.2.0
21 silly currentTree +-- lodash.isarguments@3.1.0
21 silly currentTree +-- lodash.isarray@3.0.4
21 silly currentTree +-- lodash.isempty@4.4.0
21 silly currentTree +-- lodash.isequal@4.4.0
21 silly currentTree +-- lodash.isplainobject@4.0.6
21 silly currentTree +-- lodash.isstring@4.0.1
21 silly currentTree +-- lodash.keys@3.1.2
21 silly currentTree +-- lodash.mapvalues@4.6.0
21 silly currentTree +-- lodash.pick@4.4.0
21 silly currentTree +-- lodash.restparam@3.6.1
21 silly currentTree +-- lodash.template@3.6.2
21 silly currentTree +-- lodash.templatesettings@3.1.1
21 silly currentTree +-- lodash@4.16.6
21 silly currentTree +-- log-symbols@1.0.2
21 silly currentTree +-- longest@1.0.1
21 silly currentTree +-- loose-envify@1.3.0
21 silly currentTree +-- loud-rejection@1.6.0
21 silly currentTree +-- lru-cache@2.7.3
21 silly currentTree +-- make-error-cause@1.2.2
21 silly currentTree +-- make-error@1.2.1
21 silly currentTree +-- map-cache@0.2.2
21 silly currentTree +-- map-obj@1.0.1
21 silly currentTree +-- meow@3.7.0
21 silly currentTree | `-- object-assign@4.1.0
21 silly currentTree +-- merge-stream@1.0.0
21 silly currentTree | +-- isarray@1.0.0
21 silly currentTree | `-- readable-stream@2.2.1
21 silly currentTree +-- micromatch@2.3.11
21 silly currentTree +-- minimatch@2.0.10
21 silly currentTree +-- minimist@1.2.0
21 silly currentTree +-- mkdirp@0.5.1
21 silly currentTree | `-- minimist@0.0.8
21 silly currentTree +-- mocha@3.1.2
21 silly currentTree | +-- debug@2.2.0
21 silly currentTree | +-- glob@7.0.5
21 silly currentTree | +-- minimatch@3.0.3
21 silly currentTree | +-- ms@0.7.1
21 silly currentTree | `-- supports-color@3.1.2
21 silly currentTree +-- ms@0.7.2
21 silly currentTree +-- multipipe@0.1.2
21 silly currentTree +-- natives@1.1.0
21 silly currentTree +-- normalize-package-data@2.3.5
21 silly currentTree +-- normalize-path@2.0.1
21 silly currentTree +-- number-is-nan@1.0.1
21 silly currentTree +-- object-assign@3.0.0
21 silly currentTree +-- object.omit@2.0.1
21 silly currentTree +-- once@1.3.3
21 silly currentTree +-- optimist@0.3.7
21 silly currentTree +-- orchestrator@0.3.8
21 silly currentTree +-- ordered-read-streams@0.1.0
21 silly currentTree +-- os-homedir@1.0.2
21 silly currentTree +-- os-tmpdir@1.0.2
21 silly currentTree +-- osenv@0.1.3
21 silly currentTree +-- parse-filepath@1.0.1
21 silly currentTree +-- parse-glob@3.0.4
21 silly currentTree +-- parse-json@2.2.0
21 silly currentTree +-- path-dirname@1.0.2
21 silly currentTree +-- path-exists@2.1.0
21 silly currentTree +-- path-is-absolute@1.0.1
21 silly currentTree +-- path-is-inside@1.0.2
21 silly currentTree +-- path-root-regex@0.1.2
21 silly currentTree +-- path-root@0.1.1
21 silly currentTree +-- path-type@1.1.0
21 silly currentTree +-- pify@2.3.0
21 silly currentTree +-- pinkie-promise@2.0.1
21 silly currentTree +-- pinkie@2.0.4
21 silly currentTree +-- plur@2.1.2
21 silly currentTree +-- preserve@0.2.0
21 silly currentTree +-- pretty-hrtime@1.0.3
21 silly currentTree +-- private@0.1.6
21 silly currentTree +-- process-nextick-args@1.0.7
21 silly currentTree +-- randomatic@1.1.5
21 silly currentTree +-- read-pkg-up@1.0.1
21 silly currentTree +-- read-pkg@1.1.0
21 silly currentTree +-- readable-stream@1.1.14
21 silly currentTree +-- rechoir@0.6.2
21 silly currentTree +-- redent@1.0.0
21 silly currentTree +-- reflect-metadata@0.1.8
21 silly currentTree +-- regenerate@1.3.2
21 silly currentTree +-- regenerator-runtime@0.9.6
21 silly currentTree +-- regex-cache@0.4.3
21 silly currentTree +-- regexpu-core@2.0.0
21 silly currentTree +-- regjsgen@0.2.0
21 silly currentTree +-- regjsparser@0.1.5
21 silly currentTree +-- repeat-element@1.1.2
21 silly currentTree +-- repeat-string@1.6.1
21 silly currentTree +-- repeating@2.0.1
21 silly currentTree +-- replace-ext@0.0.1
21 silly currentTree +-- req-cwd@1.0.1
21 silly currentTree +-- req-from@1.0.1
21 silly currentTree +-- require-dir@0.3.1
21 silly currentTree +-- resolve-dir@0.1.1
21 silly currentTree +-- resolve-from@2.0.0
21 silly currentTree +-- resolve-url@0.2.1
21 silly currentTree +-- resolve@1.1.7
21 silly currentTree +-- right-align@0.1.3
21 silly currentTree +-- rimraf@2.5.4
21 silly currentTree | +-- glob@7.1.1
21 silly currentTree | `-- minimatch@3.0.3
21 silly currentTree +-- semver@4.3.6
21 silly currentTree +-- sequencify@0.0.7
21 silly currentTree +-- sigmund@1.0.1
21 silly currentTree +-- signal-exit@3.0.1
21 silly currentTree +-- slash@1.0.0
21 silly currentTree +-- source-map-resolve@0.3.1
21 silly currentTree +-- source-map-support@0.4.6
21 silly currentTree +-- source-map-url@0.3.0
21 silly currentTree +-- source-map@0.5.6
21 silly currentTree +-- sparkles@1.0.0
21 silly currentTree +-- spdx-correct@1.0.2
21 silly currentTree +-- spdx-expression-parse@1.0.4
21 silly currentTree +-- spdx-license-ids@1.2.2
21 silly currentTree +-- sprintf-js@1.0.3
21 silly currentTree +-- stream-consume@0.1.0
21 silly currentTree +-- stream-shift@1.0.0
21 silly currentTree +-- string_decoder@0.10.31
21 silly currentTree +-- strip-ansi@3.0.1
21 silly currentTree +-- strip-bom-stream@1.0.0
21 silly currentTree +-- strip-bom@2.0.0
21 silly currentTree +-- strip-indent@1.0.1
21 silly currentTree +-- strip-json-comments@2.0.1
21 silly currentTree +-- supports-color@2.0.0
21 silly currentTree +-- temp@0.8.3
21 silly currentTree | `-- rimraf@2.2.8
21 silly currentTree +-- text-table@0.2.0
21 silly currentTree +-- through@2.3.8
21 silly currentTree +-- through2-filter@2.0.0
21 silly currentTree +-- through2@2.0.1
21 silly currentTree | +-- isarray@1.0.0
21 silly currentTree | `-- readable-stream@2.0.6
21 silly currentTree +-- tildify@1.2.0
21 silly currentTree +-- time-stamp@1.0.1
21 silly currentTree +-- to-absolute-glob@0.1.1
21 silly currentTree +-- to-fast-properties@1.0.2
21 silly currentTree +-- trim-newlines@1.0.0
21 silly currentTree +-- ts-node@1.7.0
21 silly currentTree +-- tsconfig@5.0.3
21 silly currentTree +-- tslint-stylish@2.1.0-beta
21 silly currentTree | `-- lodash@3.10.1
21 silly currentTree +-- tslint@3.15.1
21 silly currentTree | +-- diff@2.2.3
21 silly currentTree | +-- findup-sync@0.3.0
21 silly currentTree | | `-- glob@5.0.15
21 silly currentTree | +-- glob@7.1.1
21 silly currentTree | | `-- minimatch@3.0.3
21 silly currentTree | +-- minimist@0.0.10
21 silly currentTree | `-- optimist@0.6.1
21 silly currentTree +-- type-detect@1.0.0
21 silly currentTree +-- typescript@2.0.9
21 silly currentTree +-- uglify-js@2.7.0
21 silly currentTree +-- uglify-save-license@0.4.1
21 silly currentTree +-- uglify-to-browserify@1.0.2
21 silly currentTree +-- unc-path-regex@0.1.2
21 silly currentTree +-- underscore.string@3.3.4
21 silly currentTree +-- unique-stream@1.0.0
21 silly currentTree +-- urix@0.1.0
21 silly currentTree +-- user-home@1.1.1
21 silly currentTree +-- util-deprecate@1.0.2
21 silly currentTree +-- v8flags@2.0.11
21 silly currentTree +-- vali-date@1.0.0
21 silly currentTree +-- validate-npm-package-license@3.0.1
21 silly currentTree +-- vinyl-fs@0.3.14
21 silly currentTree | +-- clone@0.2.0
21 silly currentTree | +-- graceful-fs@3.0.11
21 silly currentTree | +-- readable-stream@1.0.34
21 silly currentTree | +-- strip-bom@1.0.0
21 silly currentTree | +-- through2@0.6.5
21 silly currentTree | `-- vinyl@0.4.6
21 silly currentTree +-- vinyl-sourcemaps-apply@0.2.1
21 silly currentTree +-- vinyl@0.5.3
21 silly currentTree +-- which@1.2.12
21 silly currentTree +-- window-size@0.1.0
21 silly currentTree +-- wordwrap@0.0.3
21 silly currentTree +-- wrappy@1.0.2
21 silly currentTree +-- xtend@4.0.1
21 silly currentTree +-- yargs@3.10.0
21 silly currentTree | `-- camelcase@1.2.1
21 silly currentTree +-- yn@1.2.0
21 silly currentTree `-- zone.js@0.6.26
22 silly idealTree development-tool@0.8.7
22 silly idealTree +-- @types/chai@3.4.34
22 silly idealTree +-- @types/chalk@0.4.31
22 silly idealTree +-- @types/gulp-mocha@0.0.29
22 silly idealTree +-- @types/gulp@3.8.32
22 silly idealTree +-- @types/lodash@4.14.38
22 silly idealTree +-- @types/minimist@1.1.29
22 silly idealTree +-- @types/mocha@2.2.32
22 silly idealTree +-- @types/node@6.0.46
22 silly idealTree +-- @types/orchestrator@0.0.30
22 silly idealTree +-- @types/q@0.0.32
22 silly idealTree +-- @types/vinyl@1.2.30
22 silly idealTree +-- acorn@4.0.3
22 silly idealTree +-- align-text@0.1.4
22 silly idealTree +-- amdefine@1.0.1
22 silly idealTree +-- ansi-regex@2.0.0
22 silly idealTree +-- ansi-styles@2.2.1
22 silly idealTree +-- any-promise@1.3.0
22 silly idealTree +-- archy@1.0.0
22 silly idealTree +-- arr-diff@2.0.0
22 silly idealTree +-- arr-flatten@1.0.1
22 silly idealTree +-- array-differ@1.0.0
22 silly idealTree +-- array-find-index@1.0.2
22 silly idealTree +-- array-union@1.0.2
22 silly idealTree +-- array-uniq@1.0.3
22 silly idealTree +-- array-unique@0.2.1
22 silly idealTree +-- arrify@1.0.1
22 silly idealTree +-- assertion-error@1.0.2
22 silly idealTree +-- async@0.2.10
22 silly idealTree +-- atob@1.1.3
22 silly idealTree +-- babel-code-frame@6.16.0
22 silly idealTree +-- babel-core@6.18.2
22 silly idealTree | `-- minimatch@3.0.3
22 silly idealTree +-- babel-generator@6.18.0
22 silly idealTree | `-- jsesc@1.3.0
22 silly idealTree +-- babel-helper-call-delegate@6.18.0
22 silly idealTree +-- babel-helper-define-map@6.18.0
22 silly idealTree +-- babel-helper-function-name@6.18.0
22 silly idealTree +-- babel-helper-get-function-arity@6.18.0
22 silly idealTree +-- babel-helper-hoist-variables@6.18.0
22 silly idealTree +-- babel-helper-optimise-call-expression@6.18.0
22 silly idealTree +-- babel-helper-regex@6.18.0
22 silly idealTree +-- babel-helper-replace-supers@6.18.0
22 silly idealTree +-- babel-helpers@6.16.0
22 silly idealTree +-- babel-messages@6.8.0
22 silly idealTree +-- babel-plugin-check-es2015-constants@6.8.0
22 silly idealTree +-- babel-plugin-transform-es2015-arrow-functions@6.8.0
22 silly idealTree +-- babel-plugin-transform-es2015-block-scoped-functions@6.8.0
22 silly idealTree +-- babel-plugin-transform-es2015-block-scoping@6.18.0
22 silly idealTree +-- babel-plugin-transform-es2015-classes@6.18.0
22 silly idealTree +-- babel-plugin-transform-es2015-computed-properties@6.8.0
22 silly idealTree +-- babel-plugin-transform-es2015-destructuring@6.18.0
22 silly idealTree +-- babel-plugin-transform-es2015-duplicate-keys@6.8.0
22 silly idealTree +-- babel-plugin-transform-es2015-for-of@6.18.0
22 silly idealTree +-- babel-plugin-transform-es2015-function-name@6.9.0
22 silly idealTree +-- babel-plugin-transform-es2015-literals@6.8.0
22 silly idealTree +-- babel-plugin-transform-es2015-modules-amd@6.18.0
22 silly idealTree +-- babel-plugin-transform-es2015-modules-commonjs@6.18.0
22 silly idealTree +-- babel-plugin-transform-es2015-modules-systemjs@6.18.0
22 silly idealTree +-- babel-plugin-transform-es2015-modules-umd@6.18.0
22 silly idealTree +-- babel-plugin-transform-es2015-object-super@6.8.0
22 silly idealTree +-- babel-plugin-transform-es2015-parameters@6.18.0
22 silly idealTree +-- babel-plugin-transform-es2015-shorthand-properties@6.18.0
22 silly idealTree +-- babel-plugin-transform-es2015-spread@6.8.0
22 silly idealTree +-- babel-plugin-transform-es2015-sticky-regex@6.8.0
22 silly idealTree +-- babel-plugin-transform-es2015-template-literals@6.8.0
22 silly idealTree +-- babel-plugin-transform-es2015-typeof-symbol@6.18.0
22 silly idealTree +-- babel-plugin-transform-es2015-unicode-regex@6.11.0
22 silly idealTree +-- babel-plugin-transform-regenerator@6.16.1
22 silly idealTree +-- babel-plugin-transform-strict-mode@6.18.0
22 silly idealTree +-- babel-preset-es2015@6.18.0
22 silly idealTree +-- babel-register@6.18.0
22 silly idealTree +-- babel-runtime@6.18.0
22 silly idealTree +-- babel-template@6.16.0
22 silly idealTree +-- babel-traverse@6.18.0
22 silly idealTree +-- babel-types@6.18.0
22 silly idealTree +-- babylon@6.13.1
22 silly idealTree +-- balanced-match@0.4.2
22 silly idealTree +-- beeper@1.1.1
22 silly idealTree +-- bluebird@3.4.6
22 silly idealTree +-- brace-expansion@1.1.6
22 silly idealTree +-- braces@1.8.5
22 silly idealTree +-- browser-stdout@1.3.0
22 silly idealTree +-- buffer-shims@1.0.0
22 silly idealTree +-- builtin-modules@1.1.1
22 silly idealTree +-- camelcase-keys@2.1.0
22 silly idealTree +-- camelcase@2.1.1
22 silly idealTree +-- center-align@0.1.3
22 silly idealTree +-- chai@3.5.0
22 silly idealTree +-- chalk@1.1.3
22 silly idealTree +-- checksum@0.1.1
22 silly idealTree +-- cliui@2.1.0
22 silly idealTree | `-- wordwrap@0.0.2
22 silly idealTree +-- clone-stats@0.0.1
22 silly idealTree +-- clone@1.0.2
22 silly idealTree +-- colors@1.1.2
22 silly idealTree +-- commander@2.9.0
22 silly idealTree +-- concat-map@0.0.1
22 silly idealTree +-- convert-source-map@1.3.0
22 silly idealTree +-- core-js@2.4.1
22 silly idealTree +-- core-util-is@1.0.2
22 silly idealTree +-- css@2.2.1
22 silly idealTree | `-- source-map@0.1.43
22 silly idealTree +-- currently-unhandled@0.4.1
22 silly idealTree +-- dateformat@1.0.12
22 silly idealTree +-- debug-fabulous@0.0.4
22 silly idealTree | `-- object-assign@4.1.0
22 silly idealTree +-- debug@2.3.2
22 silly idealTree +-- decamelize@1.2.0
22 silly idealTree +-- deep-eql@0.1.3
22 silly idealTree | `-- type-detect@0.1.1
22 silly idealTree +-- defaults@1.0.3
22 silly idealTree +-- del@2.2.2
22 silly idealTree | `-- object-assign@4.1.0
22 silly idealTree +-- deprecated@0.0.1
22 silly idealTree +-- detect-file@0.1.0
22 silly idealTree +-- detect-indent@4.0.0
22 silly idealTree +-- detect-newline@2.1.0
22 silly idealTree +-- development-assert-ts@0.3.2
22 silly idealTree +-- development-core@0.8.6
22 silly idealTree +-- diff@1.4.0
22 silly idealTree +-- duplexer2@0.0.2
22 silly idealTree +-- duplexify@3.5.0
22 silly idealTree | +-- end-of-stream@1.0.0
22 silly idealTree | +-- isarray@1.0.0
22 silly idealTree | `-- readable-stream@2.2.1
22 silly idealTree +-- end-of-stream@0.1.5
22 silly idealTree +-- error-ex@1.3.0
22 silly idealTree +-- escape-string-regexp@1.0.5
22 silly idealTree +-- esutils@2.0.2
22 silly idealTree +-- expand-brackets@0.1.5
22 silly idealTree +-- expand-range@1.8.2
22 silly idealTree +-- expand-tilde@1.2.2
22 silly idealTree +-- extend-shallow@2.0.1
22 silly idealTree +-- extend@3.0.0
22 silly idealTree +-- extglob@0.3.2
22 silly idealTree +-- fancy-log@1.2.0
22 silly idealTree +-- filename-regex@2.0.0
22 silly idealTree +-- fill-range@2.2.3
22 silly idealTree +-- find-index@0.1.1
22 silly idealTree +-- find-up@1.1.2
22 silly idealTree +-- findup-sync@0.4.3
22 silly idealTree +-- fined@1.0.2
22 silly idealTree +-- first-chunk-stream@1.0.0
22 silly idealTree +-- flagged-respawn@0.3.2
22 silly idealTree +-- for-in@0.1.6
22 silly idealTree +-- for-own@0.1.4
22 silly idealTree +-- fs-exists-sync@0.1.0
22 silly idealTree +-- fs.realpath@1.0.0
22 silly idealTree +-- gaze@0.5.2
22 silly idealTree +-- get-stdin@4.0.1
22 silly idealTree +-- glob-base@0.3.0
22 silly idealTree +-- glob-parent@2.0.0
22 silly idealTree +-- glob-stream@3.1.18
22 silly idealTree | +-- readable-stream@1.0.34
22 silly idealTree | `-- through2@0.6.5
22 silly idealTree +-- glob-watcher@0.0.6
22 silly idealTree +-- glob@4.5.3
22 silly idealTree +-- glob2base@0.0.12
22 silly idealTree +-- global-modules@0.2.3
22 silly idealTree +-- global-prefix@0.1.4
22 silly idealTree +-- globals@9.13.0
22 silly idealTree +-- globby@5.0.0
22 silly idealTree | +-- glob@7.1.1
22 silly idealTree | +-- minimatch@3.0.3
22 silly idealTree | `-- object-assign@4.1.0
22 silly idealTree +-- globule@0.1.0
22 silly idealTree | +-- glob@3.1.21
22 silly idealTree | +-- graceful-fs@1.2.3
22 silly idealTree | +-- inherits@1.0.2
22 silly idealTree | +-- lodash@1.0.2
22 silly idealTree | `-- minimatch@0.2.14
22 silly idealTree +-- glogg@1.0.0
22 silly idealTree +-- graceful-fs@4.1.10
22 silly idealTree +-- graceful-readlink@1.0.1
22 silly idealTree +-- growl@1.9.2
22 silly idealTree +-- gulp-babel@6.1.2
22 silly idealTree | `-- object-assign@4.1.0
22 silly idealTree +-- gulp-cached@1.1.1
22 silly idealTree +-- gulp-mocha@3.0.1
22 silly idealTree +-- gulp-sourcemaps@2.2.0
22 silly idealTree | +-- strip-bom@3.0.0
22 silly idealTree | `-- vinyl@1.2.0
22 silly idealTree +-- gulp-typescript@3.1.3
22 silly idealTree | +-- glob-parent@3.0.1
22 silly idealTree | +-- glob-stream@5.3.5
22 silly idealTree | | +-- isarray@0.0.1
22 silly idealTree | | +-- readable-stream@1.0.34
22 silly idealTree | | `-- through2@0.6.5
22 silly idealTree | +-- glob@5.0.15
22 silly idealTree | +-- gulp-sourcemaps@1.6.0
22 silly idealTree | +-- is-extglob@2.1.0
22 silly idealTree | +-- is-glob@3.1.0
22 silly idealTree | +-- isarray@1.0.0
22 silly idealTree | +-- object-assign@4.1.0
22 silly idealTree | +-- ordered-read-streams@0.3.0
22 silly idealTree | +-- readable-stream@2.2.1
22 silly idealTree | +-- unique-stream@2.2.1
22 silly idealTree | +-- vinyl-fs@2.4.4
22 silly idealTree | `-- vinyl@1.2.0
22 silly idealTree +-- gulp-uglify@2.0.0
22 silly idealTree +-- gulp-util@3.0.7
22 silly idealTree +-- gulp@3.9.1
22 silly idealTree +-- gulplog@1.0.0
22 silly idealTree +-- has-ansi@2.0.0
22 silly idealTree +-- has-flag@1.0.0
22 silly idealTree +-- has-gulplog@0.1.0
22 silly idealTree +-- home-or-tmp@2.0.0
22 silly idealTree +-- hosted-git-info@2.1.5
22 silly idealTree +-- indent-string@2.1.0
22 silly idealTree +-- inflight@1.0.6
22 silly idealTree +-- inherits@2.0.3
22 silly idealTree +-- ini@1.3.4
22 silly idealTree +-- interpret@1.0.1
22 silly idealTree +-- invariant@2.2.1
22 silly idealTree +-- irregular-plurals@1.2.0
22 silly idealTree +-- is-absolute@0.2.6
22 silly idealTree +-- is-arrayish@0.2.1
22 silly idealTree +-- is-buffer@1.1.4
22 silly idealTree +-- is-builtin-module@1.0.0
22 silly idealTree +-- is-dotfile@1.0.2
22 silly idealTree +-- is-equal-shallow@0.1.3
22 silly idealTree +-- is-extendable@0.1.1
22 silly idealTree +-- is-extglob@1.0.0
22 silly idealTree +-- is-finite@1.0.2
22 silly idealTree +-- is-glob@2.0.1
22 silly idealTree +-- is-number@2.1.0
22 silly idealTree +-- is-path-cwd@1.0.0
22 silly idealTree +-- is-path-in-cwd@1.0.0
22 silly idealTree +-- is-path-inside@1.0.0
22 silly idealTree +-- is-posix-bracket@0.1.1
22 silly idealTree +-- is-primitive@2.0.0
22 silly idealTree +-- is-relative@0.2.1
22 silly idealTree +-- is-stream@1.1.0
22 silly idealTree +-- is-unc-path@0.1.1
22 silly idealTree +-- is-utf8@0.2.1
22 silly idealTree +-- is-valid-glob@0.3.0
22 silly idealTree +-- is-windows@0.2.0
22 silly idealTree +-- isarray@0.0.1
22 silly idealTree +-- isexe@1.1.2
22 silly idealTree +-- isobject@2.1.0
22 silly idealTree | `-- isarray@1.0.0
22 silly idealTree +-- js-tokens@2.0.0
22 silly idealTree +-- jsesc@0.5.0
22 silly idealTree +-- json-stable-stringify@1.0.1
22 silly idealTree +-- json3@3.3.2
22 silly idealTree +-- json5@0.5.0
22 silly idealTree +-- jsonify@0.0.0
22 silly idealTree +-- kind-of@3.0.4
22 silly idealTree +-- lazy-cache@1.0.4
22 silly idealTree +-- lazy-debug-legacy@0.0.1
22 silly idealTree +-- lazystream@1.0.0
22 silly idealTree | +-- isarray@1.0.0
22 silly idealTree | `-- readable-stream@2.2.1
22 silly idealTree +-- liftoff@2.3.0
22 silly idealTree +-- load-json-file@1.1.0
22 silly idealTree +-- lodash._baseassign@3.2.0
22 silly idealTree +-- lodash._basecopy@3.0.1
22 silly idealTree +-- lodash._basecreate@3.0.3
22 silly idealTree +-- lodash._basetostring@3.0.1
22 silly idealTree +-- lodash._basevalues@3.0.0
22 silly idealTree +-- lodash._getnative@3.9.1
22 silly idealTree +-- lodash._isiterateecall@3.0.9
22 silly idealTree +-- lodash._reescape@3.0.0
22 silly idealTree +-- lodash._reevaluate@3.0.0
22 silly idealTree +-- lodash._reinterpolate@3.0.0
22 silly idealTree +-- lodash._root@3.0.1
22 silly idealTree +-- lodash.assignwith@4.2.0
22 silly idealTree +-- lodash.create@3.1.1
22 silly idealTree +-- lodash.defaults@4.2.0
22 silly idealTree +-- lodash.escape@3.2.0
22 silly idealTree +-- lodash.isarguments@3.1.0
22 silly idealTree +-- lodash.isarray@3.0.4
22 silly idealTree +-- lodash.isempty@4.4.0
22 silly idealTree +-- lodash.isequal@4.4.0
22 silly idealTree +-- lodash.isplainobject@4.0.6
22 silly idealTree +-- lodash.isstring@4.0.1
22 silly idealTree +-- lodash.keys@3.1.2
22 silly idealTree +-- lodash.mapvalues@4.6.0
22 silly idealTree +-- lodash.pick@4.4.0
22 silly idealTree +-- lodash.restparam@3.6.1
22 silly idealTree +-- lodash.template@3.6.2
22 silly idealTree +-- lodash.templatesettings@3.1.1
22 silly idealTree +-- lodash@4.16.6
22 silly idealTree +-- log-symbols@1.0.2
22 silly idealTree +-- longest@1.0.1
22 silly idealTree +-- loose-envify@1.3.0
22 silly idealTree +-- loud-rejection@1.6.0
22 silly idealTree +-- lru-cache@2.7.3
22 silly idealTree +-- make-error-cause@1.2.2
22 silly idealTree +-- make-error@1.2.1
22 silly idealTree +-- map-cache@0.2.2
22 silly idealTree +-- map-obj@1.0.1
22 silly idealTree +-- meow@3.7.0
22 silly idealTree | `-- object-assign@4.1.0
22 silly idealTree +-- merge-stream@1.0.0
22 silly idealTree | +-- isarray@1.0.0
22 silly idealTree | `-- readable-stream@2.2.1
22 silly idealTree +-- micromatch@2.3.11
22 silly idealTree +-- minimatch@2.0.10
22 silly idealTree +-- minimist@1.2.0
22 silly idealTree +-- mkdirp@0.5.1
22 silly idealTree | `-- minimist@0.0.8
22 silly idealTree +-- mocha@3.1.2
22 silly idealTree | +-- debug@2.2.0
22 silly idealTree | +-- glob@7.0.5
22 silly idealTree | +-- minimatch@3.0.3
22 silly idealTree | +-- ms@0.7.1
22 silly idealTree | `-- supports-color@3.1.2
22 silly idealTree +-- ms@0.7.2
22 silly idealTree +-- multipipe@0.1.2
22 silly idealTree +-- natives@1.1.0
22 silly idealTree +-- normalize-package-data@2.3.5
22 silly idealTree +-- normalize-path@2.0.1
22 silly idealTree +-- number-is-nan@1.0.1
22 silly idealTree +-- object-assign@3.0.0
22 silly idealTree +-- object.omit@2.0.1
22 silly idealTree +-- once@1.3.3
22 silly idealTree +-- optimist@0.3.7
22 silly idealTree +-- orchestrator@0.3.8
22 silly idealTree +-- ordered-read-streams@0.1.0
22 silly idealTree +-- os-homedir@1.0.2
22 silly idealTree +-- os-tmpdir@1.0.2
22 silly idealTree +-- osenv@0.1.3
22 silly idealTree +-- parse-filepath@1.0.1
22 silly idealTree +-- parse-glob@3.0.4
22 silly idealTree +-- parse-json@2.2.0
22 silly idealTree +-- path-dirname@1.0.2
22 silly idealTree +-- path-exists@2.1.0
22 silly idealTree +-- path-is-absolute@1.0.1
22 silly idealTree +-- path-is-inside@1.0.2
22 silly idealTree +-- path-root-regex@0.1.2
22 silly idealTree +-- path-root@0.1.1
22 silly idealTree +-- path-type@1.1.0
22 silly idealTree +-- pify@2.3.0
22 silly idealTree +-- pinkie-promise@2.0.1
22 silly idealTree +-- pinkie@2.0.4
22 silly idealTree +-- plur@2.1.2
22 silly idealTree +-- preserve@0.2.0
22 silly idealTree +-- pretty-hrtime@1.0.3
22 silly idealTree +-- private@0.1.6
22 silly idealTree +-- process-nextick-args@1.0.7
22 silly idealTree +-- randomatic@1.1.5
22 silly idealTree +-- read-pkg-up@1.0.1
22 silly idealTree +-- read-pkg@1.1.0
22 silly idealTree +-- readable-stream@1.1.14
22 silly idealTree +-- rechoir@0.6.2
22 silly idealTree +-- redent@1.0.0
22 silly idealTree +-- reflect-metadata@0.1.8
22 silly idealTree +-- regenerate@1.3.2
22 silly idealTree +-- regenerator-runtime@0.9.6
22 silly idealTree +-- regex-cache@0.4.3
22 silly idealTree +-- regexpu-core@2.0.0
22 silly idealTree +-- regjsgen@0.2.0
22 silly idealTree +-- regjsparser@0.1.5
22 silly idealTree +-- repeat-element@1.1.2
22 silly idealTree +-- repeat-string@1.6.1
22 silly idealTree +-- repeating@2.0.1
22 silly idealTree +-- replace-ext@0.0.1
22 silly idealTree +-- req-cwd@1.0.1
22 silly idealTree +-- req-from@1.0.1
22 silly idealTree +-- require-dir@0.3.1
22 silly idealTree +-- resolve-dir@0.1.1
22 silly idealTree +-- resolve-from@2.0.0
22 silly idealTree +-- resolve-url@0.2.1
22 silly idealTree +-- resolve@1.1.7
22 silly idealTree +-- right-align@0.1.3
22 silly idealTree +-- rimraf@2.5.4
22 silly idealTree | +-- glob@7.1.1
22 silly idealTree | `-- minimatch@3.0.3
22 silly idealTree +-- semver@4.3.6
22 silly idealTree +-- sequencify@0.0.7
22 silly idealTree +-- sigmund@1.0.1
22 silly idealTree +-- signal-exit@3.0.1
22 silly idealTree +-- slash@1.0.0
22 silly idealTree +-- source-map-resolve@0.3.1
22 silly idealTree +-- source-map-support@0.4.6
22 silly idealTree +-- source-map-url@0.3.0
22 silly idealTree +-- source-map@0.5.6
22 silly idealTree +-- sparkles@1.0.0
22 silly idealTree +-- spdx-correct@1.0.2
22 silly idealTree +-- spdx-expression-parse@1.0.4
22 silly idealTree +-- spdx-license-ids@1.2.2
22 silly idealTree +-- sprintf-js@1.0.3
22 silly idealTree +-- stream-consume@0.1.0
22 silly idealTree +-- stream-shift@1.0.0
22 silly idealTree +-- string_decoder@0.10.31
22 silly idealTree +-- strip-ansi@3.0.1
22 silly idealTree +-- strip-bom-stream@1.0.0
22 silly idealTree +-- strip-bom@2.0.0
22 silly idealTree +-- strip-indent@1.0.1
22 silly idealTree +-- strip-json-comments@2.0.1
22 silly idealTree +-- supports-color@2.0.0
22 silly idealTree +-- temp@0.8.3
22 silly idealTree | `-- rimraf@2.2.8
22 silly idealTree +-- text-table@0.2.0
22 silly idealTree +-- through@2.3.8
22 silly idealTree +-- through2-filter@2.0.0
22 silly idealTree +-- through2@2.0.1
22 silly idealTree | +-- isarray@1.0.0
22 silly idealTree | `-- readable-stream@2.0.6
22 silly idealTree +-- tildify@1.2.0
22 silly idealTree +-- time-stamp@1.0.1
22 silly idealTree +-- to-absolute-glob@0.1.1
22 silly idealTree +-- to-fast-properties@1.0.2
22 silly idealTree +-- trim-newlines@1.0.0
22 silly idealTree +-- ts-node@1.7.0
22 silly idealTree +-- tsconfig@5.0.3
22 silly idealTree +-- tslint-stylish@2.1.0-beta
22 silly idealTree | `-- lodash@3.10.1
22 silly idealTree +-- tslint@3.15.1
22 silly idealTree | +-- diff@2.2.3
22 silly idealTree | +-- findup-sync@0.3.0
22 silly idealTree | | `-- glob@5.0.15
22 silly idealTree | +-- glob@7.1.1
22 silly idealTree | | `-- minimatch@3.0.3
22 silly idealTree | +-- minimist@0.0.10
22 silly idealTree | `-- optimist@0.6.1
22 silly idealTree +-- type-detect@1.0.0
22 silly idealTree +-- typescript@2.0.9
22 silly idealTree +-- uglify-js@2.7.0
22 silly idealTree +-- uglify-save-license@0.4.1
22 silly idealTree +-- uglify-to-browserify@1.0.2
22 silly idealTree +-- unc-path-regex@0.1.2
22 silly idealTree +-- underscore.string@3.3.4
22 silly idealTree +-- unique-stream@1.0.0
22 silly idealTree +-- urix@0.1.0
22 silly idealTree +-- user-home@1.1.1
22 silly idealTree +-- util-deprecate@1.0.2
22 silly idealTree +-- v8flags@2.0.11
22 silly idealTree +-- vali-date@1.0.0
22 silly idealTree +-- validate-npm-package-license@3.0.1
22 silly idealTree +-- vinyl-fs@0.3.14
22 silly idealTree | +-- clone@0.2.0
22 silly idealTree | +-- graceful-fs@3.0.11
22 silly idealTree | +-- readable-stream@1.0.34
22 silly idealTree | +-- strip-bom@1.0.0
22 silly idealTree | +-- through2@0.6.5
22 silly idealTree | `-- vinyl@0.4.6
22 silly idealTree +-- vinyl-sourcemaps-apply@0.2.1
22 silly idealTree +-- vinyl@0.5.3
22 silly idealTree +-- which@1.2.12
22 silly idealTree +-- window-size@0.1.0
22 silly idealTree +-- wordwrap@0.0.3
22 silly idealTree +-- wrappy@1.0.2
22 silly idealTree +-- xtend@4.0.1
22 silly idealTree +-- yargs@3.10.0
22 silly idealTree | `-- camelcase@1.2.1
22 silly idealTree +-- yn@1.2.0
22 silly idealTree `-- zone.js@0.6.26
23 silly generateActionsToTake Starting
24 silly install generateActionsToTake
25 silly generateActionsToTake Finishing
26 silly diffTrees action count 0
27 silly decomposeActions action count 0
28 silly runTopLevelLifecycles Starting
29 silly install runPreinstallTopLevelLifecycles
30 silly preinstall development-tool@0.8.7 D:\Workspace\source\development-tool\development-tool-fc692df1
31 info lifecycle development-tool@0.8.7~preinstall: development-tool@0.8.7
32 silly lifecycle development-tool@0.8.7~preinstall: no script for preinstall, continuing
33 silly executeActions Starting
34 silly install executeActions
35 silly doSerial global-install 0
36 silly doParallel fetch 0
37 verbose correctMkdir C:\Users\zhouyou\AppData\Roaming\npm-cache\_locks correctMkdir not in flight; initializing
38 verbose lock using C:\Users\zhouyou\AppData\Roaming\npm-cache\_locks\staging-8c2542213049727f.lock for D:\Workspace\source\development-tool\node_modules\.staging
39 silly doParallel extract 0
40 silly doParallel preinstall 0
41 silly doReverseSerial remove 0
42 silly doSerial move 0
43 silly doSerial finalize 0
44 silly doSerial build 0
45 silly doSerial global-link 0
46 silly doParallel update-linked 0
47 silly doSerial install 0
48 silly doSerial postinstall 0
49 verbose unlock done using C:\Users\zhouyou\AppData\Roaming\npm-cache\_locks\staging-8c2542213049727f.lock for D:\Workspace\source\development-tool\node_modules\.staging
50 silly executeActions Finishing
51 silly rollbackFailedOptional Starting
52 silly rollbackFailedOptional Finishing
53 silly install runPostinstallTopLevelLifecycles
54 silly build development-tool@0.8.7
55 info linkStuff development-tool@0.8.7
56 silly linkStuff development-tool@0.8.7 has D:\Workspace\source as its parent node_modules
57 verbose linkBins development-tool@0.8.7
58 verbose linkMans development-tool@0.8.7
59 silly install development-tool@0.8.7 D:\Workspace\source\development-tool\development-tool-fc692df1
60 info lifecycle development-tool@0.8.7~install: development-tool@0.8.7
61 silly lifecycle development-tool@0.8.7~install: no script for install, continuing
62 silly postinstall development-tool@0.8.7 D:\Workspace\source\development-tool\development-tool-fc692df1
63 info lifecycle development-tool@0.8.7~postinstall: development-tool@0.8.7
64 verbose lifecycle development-tool@0.8.7~postinstall: unsafe-perm in lifecycle true
65 verbose lifecycle development-tool@0.8.7~postinstall: PATH: C:\Program Files\nodejs\node_modules\npm\bin\node-gyp-bin;D:\Workspace\source\development-tool\node_modules\.bin;C:\Program Files\Docker\Docker\Resources\bin;C:\Python27\;C:\Python27\Scripts;C:\Windows\system32;C:\Windows;C:\Windows\System32\Wbem;C:\Windows\System32\WindowsPowerShell\v1.0\;C:\Program Files (x86)\Windows Kits\8.1\Windows Performance Toolkit\;C:\Program Files\Microsoft SQL Server\110\Tools\Binn\;C:\Program Files (x86)\Microsoft SDKs\TypeScript\1.0\;C:\Program Files\Microsoft SQL Server\120\Tools\Binn\;C:\Program Files\Git\cmd;C:\Program Files\Java\jdk1.7.0_79/bin;D:\Workspace\Android\android-sdk\tools;C:\Program Files (x86)\Windows Kits\10\Windows Performance Toolkit\;C:\Program Files (x86)\GtkSharp\2.12\bin;C:\Program Files\dotnet\bin;C:\Go\bin;C:\ProgramData\chocolatey\bin;D:\Workspace\phantomjs-2.1.1-windows\bin;C:\Program Files\TortoiseSVN\bin;C:\WINDOWS\system32;C:\WINDOWS;C:\WINDOWS\System32\Wbem;C:\WINDOWS\System32\WindowsPowerShell\v1.0\;C:\Program Files\dotnet\;C:\Program Files\nodejs\;C:\Users\zhouyou\.dnx\runtimes\dnx-clr-win-x86.1.0.0-rc1-update2\bin;C:\Users\zhouyou\.dnx\bin;C:\Program Files (x86)\Microsoft VS Code\bin;C:\Users\zhouyou\AppData\Local\Microsoft\WindowsApps;C:\Users\zhouyou\AppData\Roaming\npm
66 verbose lifecycle development-tool@0.8.7~postinstall: CWD: D:\Workspace\source\development-tool
67 silly lifecycle development-tool@0.8.7~postinstall: Args: [ '/d /s /c', 'npm prune' ]
68 silly lifecycle development-tool@0.8.7~postinstall: Returned: code: 0  signal: null
69 silly prepublish development-tool@0.8.7 D:\Workspace\source\development-tool\development-tool-fc692df1
70 info lifecycle development-tool@0.8.7~prepublish: development-tool@0.8.7
71 verbose lifecycle development-tool@0.8.7~prepublish: unsafe-perm in lifecycle true
72 verbose lifecycle development-tool@0.8.7~prepublish: PATH: C:\Program Files\nodejs\node_modules\npm\bin\node-gyp-bin;D:\Workspace\source\development-tool\node_modules\.bin;C:\Program Files\Docker\Docker\Resources\bin;C:\Python27\;C:\Python27\Scripts;C:\Windows\system32;C:\Windows;C:\Windows\System32\Wbem;C:\Windows\System32\WindowsPowerShell\v1.0\;C:\Program Files (x86)\Windows Kits\8.1\Windows Performance Toolkit\;C:\Program Files\Microsoft SQL Server\110\Tools\Binn\;C:\Program Files (x86)\Microsoft SDKs\TypeScript\1.0\;C:\Program Files\Microsoft SQL Server\120\Tools\Binn\;C:\Program Files\Git\cmd;C:\Program Files\Java\jdk1.7.0_79/bin;D:\Workspace\Android\android-sdk\tools;C:\Program Files (x86)\Windows Kits\10\Windows Performance Toolkit\;C:\Program Files (x86)\GtkSharp\2.12\bin;C:\Program Files\dotnet\bin;C:\Go\bin;C:\ProgramData\chocolatey\bin;D:\Workspace\phantomjs-2.1.1-windows\bin;C:\Program Files\TortoiseSVN\bin;C:\WINDOWS\system32;C:\WINDOWS;C:\WINDOWS\System32\Wbem;C:\WINDOWS\System32\WindowsPowerShell\v1.0\;C:\Program Files\dotnet\;C:\Program Files\nodejs\;C:\Users\zhouyou\.dnx\runtimes\dnx-clr-win-x86.1.0.0-rc1-update2\bin;C:\Users\zhouyou\.dnx\bin;C:\Program Files (x86)\Microsoft VS Code\bin;C:\Users\zhouyou\AppData\Local\Microsoft\WindowsApps;C:\Users\zhouyou\AppData\Roaming\npm
73 verbose lifecycle development-tool@0.8.7~prepublish: CWD: D:\Workspace\source\development-tool
74 silly lifecycle development-tool@0.8.7~prepublish: Args: [ '/d /s /c', 'gulp build --release' ]
75 silly lifecycle development-tool@0.8.7~prepublish: Returned: code: 1  signal: null
76 info lifecycle development-tool@0.8.7~prepublish: Failed to exec prepublish script
77 verbose stack Error: development-tool@0.8.7 prepublish: `gulp build --release`
77 verbose stack Exit status 1
77 verbose stack     at EventEmitter.<anonymous> (C:\Program Files\nodejs\node_modules\npm\lib\utils\lifecycle.js:255:16)
77 verbose stack     at emitTwo (events.js:106:13)
77 verbose stack     at EventEmitter.emit (events.js:191:7)
77 verbose stack     at ChildProcess.<anonymous> (C:\Program Files\nodejs\node_modules\npm\lib\utils\spawn.js:40:14)
77 verbose stack     at emitTwo (events.js:106:13)
77 verbose stack     at ChildProcess.emit (events.js:191:7)
77 verbose stack     at maybeClose (internal/child_process.js:877:16)
77 verbose stack     at Process.ChildProcess._handle.onexit (internal/child_process.js:226:5)
78 verbose pkgid development-tool@0.8.7
79 verbose cwd D:\Workspace\source\development-tool
80 error Windows_NT 10.0.14931
81 error argv "C:\\Program Files\\nodejs\\node.exe" "C:\\Program Files\\nodejs\\node_modules\\npm\\bin\\npm-cli.js" "install"
82 error node v7.0.0
83 error npm  v3.10.8
84 error code ELIFECYCLE
85 error development-tool@0.8.7 prepublish: `gulp build --release`
85 error Exit status 1
86 error Failed at the development-tool@0.8.7 prepublish script 'gulp build --release'.
86 error Make sure you have the latest version of node.js and npm installed.
86 error If you do, this is most likely a problem with the development-tool package,
86 error not with npm itself.
86 error Tell the author that this fails on your system:
86 error     gulp build --release
86 error You can get information on how to open an issue for this project with:
86 error     npm bugs development-tool
86 error Or if that isn't available, you can get their info via:
86 error     npm owner ls development-tool
86 error There is likely additional logging output above.
87 verbose exit [ 1, true ]
